D:\DOCUMENTS\VISUAL STUDIO 2012\PROJECTS\HOMEWORK_BIOINFORMATICE\LONGEST COMMON SUBSEQUENCE\DEBUG\LCSQ.OBJ
D:\DOCUMENTS\VISUAL STUDIO 2012\PROJECTS\HOMEWORK_BIOINFORMATICE\LONGEST COMMON SUBSEQUENCE\DEBUG\MAIN.OBJ
D:\DOCUMENTS\VISUAL STUDIO 2012\PROJECTS\HOMEWORK_BIOINFORMATICE\LONGEST COMMON SUBSEQUENCE\DEBUG\VC110.PDB
D:\DOCUMENTS\VISUAL STUDIO 2012\PROJECTS\HOMEWORK_BIOINFORMATICE\DEBUG\LONGEST COMMON SUBSEQUENCE.ILK
D:\DOCUMENTS\VISUAL STUDIO 2012\PROJECTS\HOMEWORK_BIOINFORMATICE\DEBUG\LONGEST COMMON SUBSEQUENCE.EXE
D:\DOCUMENTS\VISUAL STUDIO 2012\PROJECTS\HOMEWORK_BIOINFORMATICE\DEBUG\LONGEST COMMON SUBSEQUENCE.PDB
d:\documents\visual studio 2012\Projects\homework_Bioinformatice\Longest common Subsequence\Debug\LCSQ.obj
d:\documents\visual studio 2012\Projects\homework_Bioinformatice\Longest common Subsequence\Debug\main.obj
d:\documents\visual studio 2012\Projects\homework_Bioinformatice\Longest common Subsequence\Debug\cl.command.1.tlog
d:\documents\visual studio 2012\Projects\homework_Bioinformatice\Longest common Subsequence\Debug\CL.read.1.tlog
d:\documents\visual studio 2012\Projects\homework_Bioinformatice\Longest common Subsequence\Debug\CL.write.1.tlog
d:\documents\visual studio 2012\Projects\homework_Bioinformatice\Longest common Subsequence\Debug\link-cvtres.read.1.tlog
d:\documents\visual studio 2012\Projects\homework_Bioinformatice\Longest common Subsequence\Debug\link-cvtres.write.1.tlog
d:\documents\visual studio 2012\Projects\homework_Bioinformatice\Longest common Subsequence\Debug\link-rc.read.1.tlog
d:\documents\visual studio 2012\Projects\homework_Bioinformatice\Longest common Subsequence\Debug\link-rc.write.1.tlog
d:\documents\visual studio 2012\Projects\homework_Bioinformatice\Longest common Subsequence\Debug\link.6920-cvtres.read.1.tlog
d:\documents\visual studio 2012\Projects\homework_Bioinformatice\Longest common Subsequence\Debug\link.6920-cvtres.write.1.tlog
d:\documents\visual studio 2012\Projects\homework_Bioinformatice\Longest common Subsequence\Debug\link.6920-rc.read.1.tlog
d:\documents\visual studio 2012\Projects\homework_Bioinformatice\Longest common Subsequence\Debug\link.6920-rc.write.1.tlog
d:\documents\visual studio 2012\Projects\homework_Bioinformatice\Longest common Subsequence\Debug\link.6920.read.1.tlog
d:\documents\visual studio 2012\Projects\homework_Bioinformatice\Longest common Subsequence\Debug\link.6920.write.1.tlog
d:\documents\visual studio 2012\Projects\homework_Bioinformatice\Longest common Subsequence\Debug\link.7812-cvtres.read.1.tlog
d:\documents\visual studio 2012\Projects\homework_Bioinformatice\Longest common Subsequence\Debug\link.7812-cvtres.write.1.tlog
d:\documents\visual studio 2012\Projects\homework_Bioinformatice\Longest common Subsequence\Debug\link.7812-rc.read.1.tlog
d:\documents\visual studio 2012\Projects\homework_Bioinformatice\Longest common Subsequence\Debug\link.7812-rc.write.1.tlog
d:\documents\visual studio 2012\Projects\homework_Bioinformatice\Longest common Subsequence\Debug\link.7812.read.1.tlog
d:\documents\visual studio 2012\Projects\homework_Bioinformatice\Longest common Subsequence\Debug\link.7812.write.1.tlog
d:\documents\visual studio 2012\Projects\homework_Bioinformatice\Longest common Subsequence\Debug\link.command.1.tlog
d:\documents\visual studio 2012\Projects\homework_Bioinformatice\Longest common Subsequence\Debug\link.read.1.tlog
d:\documents\visual studio 2012\Projects\homework_Bioinformatice\Longest common Subsequence\Debug\link.write.1.tlog
d:\documents\visual studio 2012\Projects\homework_Bioinformatice\Longest common Subsequence\Debug\vc110.idb
d:\documents\visual studio 2012\Projects\homework_Bioinformatice\Longest common Subsequence\Debug\vc110.pdb
d:\documents\visual studio 2012\Projects\homework_Bioinformatice\Debug\Longest common Subsequence.pdb
d:\documents\visual studio 2012\Projects\homework_Bioinformatice\Debug\Longest common Subsequence.exe
d:\documents\visual studio 2012\Projects\homework_Bioinformatice\Debug\Longest common Subsequence.ilk
